{
  "RSpec": {
    "coverage": {
      "/Users/MGCFI/projects/final_project/bucket_list_app_malachi/bucketlist_app/config/environment.rb": [
        null,
        1,
        null,
        null,
        1
      ],
      "/Users/MGCFI/projects/final_project/bucket_list_app_malachi/bucketlist_app/config/application.rb": [
        1,
        null,
        1,
        null,
        null,
        null,
        1,
        null,
        1,
        1,
        null,
        null,
        null,
        null,
        null,
        null,
        null,
        null,
        null,
        null,
        null,
        null,
        null,
        1,
        null,
        null
      ],
      "/Users/MGCFI/projects/final_project/bucket_list_app_malachi/bucketlist_app/config/boot.rb": [
        1,
        null,
        1
      ],
      "/Users/MGCFI/projects/final_project/bucket_list_app_malachi/bucketlist_app/config/environments/test.rb": [
        1,
        null,
        null,
        null,
        null,
        null,
        null,
        1,
        null,
        null,
        null,
        null,
        1,
        null,
        null,
        1,
        1,
        null,
        null,
        1,
        1,
        null,
        null,
        1,
        null,
        null,
        1,
        null,
        null,
        null,
        null,
        1,
        null,
        null,
        1,
        null,
        null,
        1,
        null,
        null,
        null,
        null
      ],
      "/Users/MGCFI/projects/final_project/bucket_list_app_malachi/bucketlist_app/config/initializers/assets.rb": [
        null,
        null,
        null,
        1,
        null,
        null,
        null,
        null,
        null,
        null,
        null
      ],
      "/Users/MGCFI/projects/final_project/bucket_list_app_malachi/bucketlist_app/config/initializers/backtrace_silencers.rb": [
        null,
        null,
        null,
        null,
        null,
        null,
        null
      ],
      "/Users/MGCFI/projects/final_project/bucket_list_app_malachi/bucketlist_app/config/initializers/cookies_serializer.rb": [
        null,
        null,
        1
      ],
      "/Users/MGCFI/projects/final_project/bucket_list_app_malachi/bucketlist_app/config/initializers/devise.rb": [
        null,
        null,
        1,
        null,
        null,
        null,
        null,
        null,
        null,
        null,
        null,
        null,
        1,
        null,
        null,
        null,
        null,
        null,
        null,
        null,
        null,
        1,
        null,
        null,
        null,
        null,
        null,
        null,
        null,
        null,
        null,
        null,
        null,
        null,
        null,
        null,
        null,
        null,
        null,
        null,
        null,
        null,
        null,
        1,
        null,
        null,
        null,
        null,
        1,
        null,
        null,
        null,
        null,
        null,
        null,
        null,
        null,
        null,
        null,
        null,
        null,
        null,
        null,
        null,
        null,
        null,
        null,
        null,
        null,
        null,
        null,
        null,
        null,
        null,
        null,
        null,
        null,
        null,
        null,
        1,
        null,
        null,
        null,
        null,
        null,
        null,
        null,
        null,
        null,
        null,
        null,
        null,
        null,
        null,
        null,
        null,
        1,
        null,
        null,
        null,
        null,
        null,
        null,
        null,
        null,
        null,
        null,
        null,
        null,
        null,
        null,
        null,
        null,
        null,
        null,
        null,
        null,
        null,
        null,
        null,
        null,
        1,
        null,
        null,
        null,
        null,
        null,
        null,
        null,
        null,
        null,
        1,
        null,
        null,
        null,
        null,
        null,
        null,
        null,
        null,
        null,
        null,
        1,
        null,
        null,
        null,
        null,
        null,
        null,
        null,
        null,
        null,
        null,
        null,
        null,
        null,
        null,
        null,
        null,
        null,
        null,
        null,
        null,
        null,
        null,
        null,
        null,
        null,
        null,
        null,
        null,
        null,
        null,
        null,
        null,
        null,
        null,
        null,
        null,
        null,
        null,
        null,
        null,
        null,
        null,
        null,
        null,
        null,
        null,
        null,
        null,
        1,
        null,
        null,
        null,
        null,
        null,
        null,
        null,
        null,
        null,
        null,
        null,
        null,
        null,
        null,
        null,
        null,
        null,
        null,
        null,
        null,
        null,
        null,
        null,
        null,
        null,
        null,
        null,
        null,
        null,
        null,
        null,
        null,
        null,
        null,
        null,
        null,
        null,
        1,
        null,
        null,
        null,
        null,
        null,
        null,
        null,
        null,
        null,
        null,
        null,
        null,
        null,
        null,
        null,
        null,
        null,
        null,
        null,
        null,
        null,
        null,
        null,
        null,
        null,
        null,
        null,
        null,
        null
      ],
      "/Users/MGCFI/projects/final_project/bucket_list_app_malachi/bucketlist_app/config/initializers/filter_parameter_logging.rb": [
        null,
        null,
        null,
        1
      ],
      "/Users/MGCFI/projects/final_project/bucket_list_app_malachi/bucketlist_app/config/initializers/inflections.rb": [
        null,
        null,
        null,
        null,
        null,
        null,
        null,
        null,
        null,
        null,
        null,
        null,
        null,
        null,
        null,
        null
      ],
      "/Users/MGCFI/projects/final_project/bucket_list_app_malachi/bucketlist_app/config/initializers/mime_types.rb": [
        null,
        null,
        null,
        null
      ],
      "/Users/MGCFI/projects/final_project/bucket_list_app_malachi/bucketlist_app/config/initializers/session_store.rb": [
        null,
        null,
        1
      ],
      "/Users/MGCFI/projects/final_project/bucket_list_app_malachi/bucketlist_app/config/initializers/wrap_parameters.rb": [
        null,
        null,
        null,
        null,
        null,
        null,
        1,
        1,
        null,
        null,
        null,
        null,
        null,
        null
      ],
      "/Users/MGCFI/projects/final_project/bucket_list_app_malachi/bucketlist_app/spec/factories/bucket_list_items.rb": [
        1,
        1,
        1,
        1,
        1,
        1,
        1,
        null,
        null
      ],
      "/Users/MGCFI/projects/final_project/bucket_list_app_malachi/bucketlist_app/spec/factories/interests.rb": [
        1,
        1,
        1,
        null,
        null,
        null
      ],
      "/Users/MGCFI/projects/final_project/bucket_list_app_malachi/bucketlist_app/spec/factories/user_bucket_list_items.rb": [
        1,
        1,
        1,
        1,
        null,
        null,
        null
      ],
      "/Users/MGCFI/projects/final_project/bucket_list_app_malachi/bucketlist_app/spec/factories/user_interests.rb": [
        1,
        1,
        1,
        1,
        null,
        null,
        null
      ],
      "/Users/MGCFI/projects/final_project/bucket_list_app_malachi/bucketlist_app/spec/factories/users.rb": [
        1,
        1,
        0,
        null,
        null,
        null,
        1,
        1,
        1,
        1,
        1,
        null,
        null
      ],
      "/Users/MGCFI/projects/final_project/bucket_list_app_malachi/bucketlist_app/config/routes.rb": [
        1,
        1,
        1,
        null,
        1,
        null,
        null,
        null,
        null,
        1,
        null,
        null,
        null,
        null,
        null,
        null,
        null,
        null,
        null,
        null,
        null,
        null,
        null,
        null,
        null,
        null,
        null,
        null,
        null,
        null,
        null,
        null,
        null,
        null,
        null,
        null,
        null,
        null,
        null,
        null,
        null,
        null,
        null,
        null,
        null,
        null,
        null,
        null,
        null,
        null,
        null,
        null,
        null,
        null,
        null,
        null,
        null,
        null,
        null,
        null
      ],
      "/Users/MGCFI/projects/final_project/bucket_list_app_malachi/bucketlist_app/app/models/user.rb": [
        1,
        null,
        null,
        1,
        null,
        null,
        1,
        1,
        null,
        1,
        1,
        null
      ],
      "/Users/MGCFI/projects/final_project/bucket_list_app_malachi/bucketlist_app/app/helpers/application_helper.rb": [
        1,
        null
      ],
      "/Users/MGCFI/projects/final_project/bucket_list_app_malachi/bucketlist_app/app/helpers/bucket_list_items_helper.rb": [
        1,
        null
      ],
      "/Users/MGCFI/projects/final_project/bucket_list_app_malachi/bucketlist_app/app/helpers/interests_helper.rb": [
        1,
        null
      ],
      "/Users/MGCFI/projects/final_project/bucket_list_app_malachi/bucketlist_app/app/helpers/welcome_helper.rb": [
        1,
        null
      ],
      "/Users/MGCFI/projects/final_project/bucket_list_app_malachi/bucketlist_app/app/models/bucket_list_item.rb": [
        1,
        null,
        1,
        1,
        null,
        1,
        1,
        1,
        1,
        1,
        1,
        null,
        1,
        1,
        null,
        null,
        null,
        null,
        null,
        0,
        null,
        1,
        null,
        null,
        null,
        null,
        null,
        null,
        null,
        1,
        null,
        1,
        0,
        null,
        null,
        null,
        null
      ]
    },
    "timestamp": 1426359734
  }
}
