{
  "RSpec": {
    "coverage": {
      "/Users/MGCFI/projects/final_project/bucket_list_app_malachi/bucketlist_app/config/environment.rb": [
        null,
        1,
        null,
        null,
        1
      ],
      "/Users/MGCFI/projects/final_project/bucket_list_app_malachi/bucketlist_app/config/application.rb": [
        1,
        null,
        1,
        null,
        null,
        null,
        1,
        null,
        1,
        1,
        null,
        null,
        null,
        null,
        null,
        null,
        null,
        null,
        null,
        null,
        null,
        null,
        null,
        1,
        null,
        null
      ],
      "/Users/MGCFI/projects/final_project/bucket_list_app_malachi/bucketlist_app/config/boot.rb": [
        1,
        null,
        1
      ],
      "/Users/MGCFI/projects/final_project/bucket_list_app_malachi/bucketlist_app/config/environments/test.rb": [
        1,
        null,
        null,
        null,
        null,
        null,
        null,
        1,
        null,
        null,
        null,
        null,
        1,
        null,
        null,
        1,
        1,
        null,
        null,
        1,
        1,
        null,
        null,
        1,
        null,
        null,
        1,
        null,
        null,
        null,
        null,
        1,
        null,
        null,
        1,
        null,
        null,
        1,
        null,
        null,
        null,
        null
      ],
      "/Users/MGCFI/projects/final_project/bucket_list_app_malachi/bucketlist_app/config/initializers/assets.rb": [
        null,
        null,
        null,
        1,
        null,
        null,
        null,
        null,
        null,
        null,
        null
      ],
      "/Users/MGCFI/projects/final_project/bucket_list_app_malachi/bucketlist_app/config/initializers/backtrace_silencers.rb": [
        null,
        null,
        null,
        null,
        null,
        null,
        null
      ],
      "/Users/MGCFI/projects/final_project/bucket_list_app_malachi/bucketlist_app/config/initializers/cookies_serializer.rb": [
        null,
        null,
        1
      ],
      "/Users/MGCFI/projects/final_project/bucket_list_app_malachi/bucketlist_app/config/initializers/devise.rb": [
        null,
        null,
        1,
        null,
        null,
        null,
        null,
        null,
        null,
        null,
        null,
        null,
        1,
        null,
        null,
        null,
        null,
        null,
        null,
        null,
        null,
        1,
        null,
        null,
        null,
        null,
        null,
        null,
        null,
        null,
        null,
        null,
        null,
        null,
        null,
        null,
        null,
        null,
        null,
        null,
        null,
        null,
        null,
        1,
        null,
        null,
        null,
        null,
        1,
        null,
        null,
        null,
        null,
        null,
        null,
        null,
        null,
        null,
        null,
        null,
        null,
        null,
        null,
        null,
        null,
        null,
        null,
        null,
        null,
        null,
        null,
        null,
        null,
        null,
        null,
        null,
        null,
        null,
        null,
        1,
        null,
        null,
        null,
        null,
        null,
        null,
        null,
        null,
        null,
        null,
        null,
        null,
        null,
        null,
        null,
        null,
        1,
        null,
        null,
        null,
        null,
        null,
        null,
        null,
        null,
        null,
        null,
        null,
        null,
        null,
        null,
        null,
        null,
        null,
        null,
        null,
        null,
        null,
        null,
        null,
        null,
        1,
        null,
        null,
        null,
        null,
        null,
        null,
        null,
        null,
        null,
        1,
        null,
        null,
        null,
        null,
        null,
        null,
        null,
        null,
        null,
        null,
        1,
        null,
        null,
        null,
        null,
        null,
        null,
        null,
        null,
        null,
        null,
        null,
        null,
        null,
        null,
        null,
        null,
        null,
        null,
        null,
        null,
        null,
        null,
        null,
        null,
        null,
        null,
        null,
        null,
        null,
        null,
        null,
        null,
        null,
        null,
        null,
        null,
        null,
        null,
        null,
        null,
        null,
        null,
        null,
        null,
        null,
        null,
        null,
        null,
        1,
        null,
        null,
        null,
        null,
        null,
        null,
        null,
        null,
        null,
        null,
        null,
        null,
        null,
        null,
        null,
        null,
        null,
        null,
        null,
        null,
        null,
        null,
        null,
        null,
        null,
        null,
        null,
        null,
        null,
        null,
        null,
        null,
        null,
        null,
        null,
        null,
        null,
        1,
        null,
        null,
        null,
        null,
        null,
        null,
        null,
        null,
        null,
        null,
        null,
        null,
        null,
        null,
        null,
        null,
        null,
        null,
        null,
        null,
        null,
        null,
        null,
        null,
        null,
        null,
        null,
        null,
        null
      ],
      "/Users/MGCFI/projects/final_project/bucket_list_app_malachi/bucketlist_app/config/initializers/filter_parameter_logging.rb": [
        null,
        null,
        null,
        1
      ],
      "/Users/MGCFI/projects/final_project/bucket_list_app_malachi/bucketlist_app/config/initializers/inflections.rb": [
        null,
        null,
        null,
        null,
        null,
        null,
        null,
        null,
        null,
        null,
        null,
        null,
        null,
        null,
        null,
        null
      ],
      "/Users/MGCFI/projects/final_project/bucket_list_app_malachi/bucketlist_app/config/initializers/mime_types.rb": [
        null,
        null,
        null,
        null
      ],
      "/Users/MGCFI/projects/final_project/bucket_list_app_malachi/bucketlist_app/config/initializers/session_store.rb": [
        null,
        null,
        1
      ],
      "/Users/MGCFI/projects/final_project/bucket_list_app_malachi/bucketlist_app/config/initializers/wrap_parameters.rb": [
        null,
        null,
        null,
        null,
        null,
        null,
        1,
        1,
        null,
        null,
        null,
        null,
        null,
        null
      ],
      "/Users/MGCFI/projects/final_project/bucket_list_app_malachi/bucketlist_app/spec/factories/bucket_list_items.rb": [
        1,
        1,
        1,
        1,
        1,
        1,
        1,
        1,
        null,
        null
      ],
      "/Users/MGCFI/projects/final_project/bucket_list_app_malachi/bucketlist_app/spec/factories/comments.rb": [
        1,
        1,
        1,
        1,
        1,
        null,
        null,
        null
      ],
      "/Users/MGCFI/projects/final_project/bucket_list_app_malachi/bucketlist_app/spec/factories/interests.rb": [
        1,
        1,
        1,
        null,
        null,
        null
      ],
      "/Users/MGCFI/projects/final_project/bucket_list_app_malachi/bucketlist_app/spec/factories/user_bucket_list_items.rb": [
        1,
        1,
        1,
        1,
        null,
        null,
        null
      ],
      "/Users/MGCFI/projects/final_project/bucket_list_app_malachi/bucketlist_app/spec/factories/user_interests.rb": [
        1,
        1,
        1,
        1,
        null,
        null,
        null
      ],
      "/Users/MGCFI/projects/final_project/bucket_list_app_malachi/bucketlist_app/spec/factories/users.rb": [
        1,
        1,
        24,
        null,
        null,
        null,
        1,
        1,
        1,
        1,
        1,
        null,
        null
      ],
      "/Users/MGCFI/projects/final_project/bucket_list_app_malachi/bucketlist_app/config/routes.rb": [
        1,
        null,
        1,
        1,
        1,
        1,
        null,
        null,
        1,
        null,
        null,
        null,
        null,
        1,
        1,
        null,
        null,
        null,
        null,
        null,
        null,
        null,
        null,
        null,
        null,
        null,
        null,
        null,
        null,
        null,
        null,
        null,
        null,
        null,
        null,
        null,
        null,
        null,
        null,
        null,
        null,
        null,
        null,
        null,
        null,
        null,
        null,
        null,
        null,
        null,
        null,
        null,
        null,
        null,
        null,
        null,
        null,
        null,
        null,
        null,
        null,
        null,
        null,
        null,
        null
      ],
      "/Users/MGCFI/projects/final_project/bucket_list_app_malachi/bucketlist_app/app/models/user.rb": [
        1,
        null,
        null,
        1,
        null,
        null,
        1,
        1,
        null,
        1,
        1,
        null,
        1,
        null,
        1,
        null,
        null,
        null,
        null,
        0,
        null,
        null,
        null,
        null,
        null
      ],
      "/Users/MGCFI/projects/final_project/bucket_list_app_malachi/bucketlist_app/app/helpers/application_helper.rb": [
        1,
        null
      ],
      "/Users/MGCFI/projects/final_project/bucket_list_app_malachi/bucketlist_app/app/helpers/bucket_list_items_helper.rb": [
        1,
        null
      ],
      "/Users/MGCFI/projects/final_project/bucket_list_app_malachi/bucketlist_app/app/helpers/comments_helper.rb": [
        1,
        null
      ],
      "/Users/MGCFI/projects/final_project/bucket_list_app_malachi/bucketlist_app/app/helpers/interests_helper.rb": [
        1,
        null
      ],
      "/Users/MGCFI/projects/final_project/bucket_list_app_malachi/bucketlist_app/app/helpers/users_helper.rb": [
        1,
        null
      ],
      "/Users/MGCFI/projects/final_project/bucket_list_app_malachi/bucketlist_app/app/helpers/welcome_helper.rb": [
        1,
        null
      ],
      "/Users/MGCFI/projects/final_project/bucket_list_app_malachi/bucketlist_app/app/controllers/bucket_list_items_controller.rb": [
        1,
        null,
        1,
        null,
        null,
        null,
        null,
        null,
        null,
        1,
        1,
        1,
        1,
        1,
        null,
        null,
        null,
        1,
        1,
        1,
        1,
        null,
        null,
        null,
        1,
        1,
        1,
        1,
        1,
        1,
        null,
        null,
        null,
        1,
        2,
        2,
        2,
        2,
        0,
        0,
        null,
        4,
        null,
        null,
        null,
        1,
        1,
        1,
        1,
        1,
        null,
        null,
        null,
        1,
        2,
        2,
        2,
        2,
        0,
        0,
        null,
        4,
        null,
        null,
        null,
        1,
        1,
        1,
        1,
        2,
        null,
        null,
        null,
        1,
        1,
        4,
        null,
        null,
        null,
        null,
        null,
        null,
        null,
        null,
        null,
        null,
        null,
        1,
        5,
        null,
        null
      ],
      "/Users/MGCFI/projects/final_project/bucket_list_app_malachi/bucketlist_app/app/controllers/application_controller.rb": [
        1,
        null,
        null,
        1,
        1,
        null,
        1,
        null,
        1,
        null,
        1,
        0,
        0,
        null,
        null
      ],
      "/Users/MGCFI/projects/final_project/bucket_list_app_malachi/bucketlist_app/spec/controllers/comments_controller_spec.rb": [
        null,
        null,
        null,
        null,
        null,
        null,
        null,
        null,
        null,
        null,
        null,
        null,
        null,
        null,
        null,
        null,
        null,
        null,
        null,
        null,
        null,
        null,
        null,
        null,
        null,
        null,
        null,
        null,
        null,
        null,
        null,
        null,
        null,
        null,
        null,
        null,
        null,
        null,
        null,
        null,
        null,
        null,
        null,
        null,
        null,
        null,
        null,
        null,
        null,
        null,
        null,
        null,
        null,
        null
      ],
      "/Users/MGCFI/projects/final_project/bucket_list_app_malachi/bucketlist_app/spec/controllers/interests_controller_spec.rb": [
        1,
        null,
        1,
        null,
        12,
        12,
        null,
        1,
        null,
        1,
        1,
        1,
        1,
        1,
        null,
        null,
        null,
        null,
        1,
        1,
        1,
        1,
        null,
        null,
        1,
        1,
        1,
        null,
        null,
        null,
        1,
        1,
        1,
        1,
        1,
        null,
        null,
        1,
        1,
        1,
        null,
        null,
        null,
        1,
        1,
        1,
        1,
        1,
        1,
        null,
        null,
        null,
        1,
        1,
        1,
        1,
        null,
        null,
        null,
        1,
        1,
        1,
        1,
        1,
        null,
        null,
        null,
        1,
        1,
        1,
        1,
        1,
        null,
        null,
        null,
        1,
        1,
        1,
        1,
        null,
        null,
        null,
        1,
        1,
        1,
        1,
        null,
        null,
        null,
        null,
        null
      ],
      "/Users/MGCFI/projects/final_project/bucket_list_app_malachi/bucketlist_app/app/controllers/interests_controller.rb": [
        1,
        1,
        null,
        null,
        null,
        null,
        null,
        null,
        1,
        1,
        1,
        1,
        1,
        null,
        null,
        null,
        1,
        2,
        2,
        2,
        2,
        null,
        null,
        null,
        1,
        2,
        2,
        2,
        2,
        2,
        null,
        null,
        null,
        1,
        2,
        2,
        2,
        2,
        4,
        null,
        null,
        null,
        1,
        1,
        1,
        1,
        1,
        null,
        null,
        null,
        1,
        2,
        2,
        2,
        4,
        null,
        null,
        null,
        1,
        1,
        1,
        1,
        2,
        null,
        null,
        null,
        1,
        1,
        4,
        null,
        null,
        null,
        null,
        null,
        null,
        1,
        6,
        null,
        null,
        null
      ],
      "/Users/MGCFI/projects/final_project/bucket_list_app_malachi/bucketlist_app/spec/controllers/users_controller_spec.rb": [
        1,
        null,
        1,
        null,
        5,
        5,
        null,
        1,
        1,
        1,
        1,
        1,
        1,
        null,
        null,
        null,
        1,
        1,
        1,
        1,
        null,
        null,
        null,
        null,
        null,
        null,
        null,
        1,
        1,
        1,
        1,
        null,
        null,
        null,
        1,
        1,
        1,
        1,
        1,
        null,
        null,
        null,
        null,
        null,
        null,
        null,
        null,
        null,
        null,
        null,
        null
      ],
      "/Users/MGCFI/projects/final_project/bucket_list_app_malachi/bucketlist_app/app/controllers/users_controller.rb": [
        1,
        1,
        null,
        null,
        null,
        null,
        null,
        null,
        1,
        1,
        1,
        1,
        1,
        null,
        null,
        null,
        1,
        1,
        1,
        1,
        null,
        null,
        null,
        null,
        null,
        null,
        null,
        null,
        null,
        null,
        null,
        null,
        null,
        null,
        null,
        null,
        null,
        null,
        null,
        null,
        1,
        1,
        1,
        1,
        null,
        null,
        null,
        1,
        1,
        1,
        1,
        1,
        null,
        null,
        null,
        null,
        null,
        null,
        null,
        null,
        null,
        null,
        null,
        null,
        1,
        null,
        1,
        1,
        null,
        null,
        null,
        null,
        null,
        1,
        3,
        null,
        null,
        null
      ],
      "/Users/MGCFI/projects/final_project/bucket_list_app_malachi/bucketlist_app/spec/controllers/welcome_controller_spec.rb": [
        1,
        null,
        1,
        null,
        null
      ],
      "/Users/MGCFI/projects/final_project/bucket_list_app_malachi/bucketlist_app/app/controllers/welcome_controller.rb": [
        1,
        null,
        1,
        null,
        null,
        1,
        null,
        null,
        null
      ],
      "/Users/MGCFI/projects/final_project/bucket_list_app_malachi/bucketlist_app/spec/helpers/bucket_list_items_helper_spec.rb": [
        1,
        null,
        null,
        null,
        null,
        null,
        null,
        null,
        null,
        null,
        null,
        null,
        1,
        1,
        null
      ],
      "/Users/MGCFI/projects/final_project/bucket_list_app_malachi/bucketlist_app/spec/helpers/comments_helper_spec.rb": [
        1,
        null,
        null,
        null,
        null,
        null,
        null,
        null,
        null,
        null,
        null,
        null,
        1,
        1,
        null
      ],
      "/Users/MGCFI/projects/final_project/bucket_list_app_malachi/bucketlist_app/spec/helpers/interests_helper_spec.rb": [
        1,
        null,
        null,
        null,
        null,
        null,
        null,
        null,
        null,
        null,
        null,
        null,
        1,
        1,
        null
      ],
      "/Users/MGCFI/projects/final_project/bucket_list_app_malachi/bucketlist_app/spec/helpers/users_helper_spec.rb": [
        1,
        null,
        null,
        null,
        null,
        null,
        null,
        null,
        null,
        null,
        null,
        null,
        1,
        1,
        null
      ],
      "/Users/MGCFI/projects/final_project/bucket_list_app_malachi/bucketlist_app/spec/helpers/welcome_helper_spec.rb": [
        1,
        null,
        null,
        null,
        null,
        null,
        null,
        null,
        null,
        null,
        null,
        null,
        1,
        1,
        null
      ],
      "/Users/MGCFI/projects/final_project/bucket_list_app_malachi/bucketlist_app/spec/models/bucket_list_item_spec.rb": [
        1,
        null,
        1,
        null,
        1,
        1,
        1,
        1,
        null,
        null,
        1,
        1,
        1,
        null,
        null,
        1,
        1,
        1,
        1,
        null,
        null,
        1,
        1,
        1,
        null,
        null,
        1,
        1,
        1,
        1,
        null,
        null,
        1,
        1,
        1,
        null,
        null,
        1,
        1,
        1,
        1,
        null,
        null,
        1,
        1,
        1,
        null,
        null,
        1,
        1,
        1,
        1,
        null,
        null,
        1,
        1,
        1,
        null,
        null,
        1,
        1,
        1,
        1,
        null,
        null,
        1,
        1,
        1,
        null,
        null,
        null
      ],
      "/Users/MGCFI/projects/final_project/bucket_list_app_malachi/bucketlist_app/app/models/bucket_list_item.rb": [
        1,
        null,
        1,
        1,
        1,
        null,
        1,
        1,
        1,
        1,
        1,
        1,
        null,
        1,
        1,
        null,
        null,
        null,
        null,
        null,
        0,
        null,
        1,
        null,
        null,
        null,
        null,
        null,
        null,
        null,
        1,
        null,
        1,
        0,
        null,
        null,
        null
      ],
      "/Users/MGCFI/projects/final_project/bucket_list_app_malachi/bucketlist_app/spec/models/comment_spec.rb": [
        1,
        null,
        1,
        null,
        2,
        null,
        2,
        null,
        2,
        null
      ],
      "/Users/MGCFI/projects/final_project/bucket_list_app_malachi/bucketlist_app/app/models/comment.rb": [
        1,
        null,
        1,
        1,
        1,
        null,
        null,
        null
      ],
      "/Users/MGCFI/projects/final_project/bucket_list_app_malachi/bucketlist_app/spec/models/interest_spec.rb": [
        1,
        null,
        1,
        null,
        1,
        1,
        1,
        1,
        null,
        null,
        1,
        1,
        1,
        null,
        null,
        null
      ],
      "/Users/MGCFI/projects/final_project/bucket_list_app_malachi/bucketlist_app/app/models/interest.rb": [
        1,
        null,
        1,
        1,
        1,
        null,
        1,
        1,
        null,
        null,
        null,
        null,
        null,
        0,
        null,
        1,
        null,
        null,
        null,
        null,
        null,
        null,
        null,
        1,
        null,
        1,
        0,
        null,
        null,
        null
      ],
      "/Users/MGCFI/projects/final_project/bucket_list_app_malachi/bucketlist_app/spec/models/user_bucket_list_item_spec.rb": [
        1,
        null,
        1,
        null,
        2,
        null,
        2,
        null,
        null
      ],
      "/Users/MGCFI/projects/final_project/bucket_list_app_malachi/bucketlist_app/app/models/user_bucket_list_item.rb": [
        1,
        1,
        1,
        null,
        null
      ],
      "/Users/MGCFI/projects/final_project/bucket_list_app_malachi/bucketlist_app/spec/models/user_interest_spec.rb": [
        1,
        null,
        1,
        2,
        null,
        2,
        null
      ],
      "/Users/MGCFI/projects/final_project/bucket_list_app_malachi/bucketlist_app/app/models/user_interest.rb": [
        1,
        1,
        1,
        null,
        null
      ],
      "/Users/MGCFI/projects/final_project/bucket_list_app_malachi/bucketlist_app/spec/models/user_spec.rb": [
        1,
        null,
        1,
        1,
        null
      ],
      "/Users/MGCFI/projects/final_project/bucket_list_app_malachi/bucketlist_app/spec/views/bucket_list_items/create.html.erb_spec.rb": [
        1,
        null,
        1,
        1,
        null
      ],
      "/Users/MGCFI/projects/final_project/bucket_list_app_malachi/bucketlist_app/spec/views/bucket_list_items/destroy.html.erb_spec.rb": [
        1,
        null,
        1,
        1,
        null
      ],
      "/Users/MGCFI/projects/final_project/bucket_list_app_malachi/bucketlist_app/spec/views/bucket_list_items/edit.html.erb_spec.rb": [
        1,
        null,
        1,
        1,
        null
      ],
      "/Users/MGCFI/projects/final_project/bucket_list_app_malachi/bucketlist_app/spec/views/bucket_list_items/index.html.erb_spec.rb": [
        1,
        null,
        1,
        1,
        null
      ],
      "/Users/MGCFI/projects/final_project/bucket_list_app_malachi/bucketlist_app/spec/views/bucket_list_items/new.html.erb_spec.rb": [
        1,
        null,
        1,
        1,
        null
      ],
      "/Users/MGCFI/projects/final_project/bucket_list_app_malachi/bucketlist_app/spec/views/bucket_list_items/show.html.erb_spec.rb": [
        1,
        null,
        1,
        1,
        null
      ],
      "/Users/MGCFI/projects/final_project/bucket_list_app_malachi/bucketlist_app/spec/views/bucket_list_items/update.html.erb_spec.rb": [
        1,
        null,
        1,
        1,
        null
      ],
      "/Users/MGCFI/projects/final_project/bucket_list_app_malachi/bucketlist_app/spec/views/comments/create.html.erb_spec.rb": [
        1,
        null,
        1,
        1,
        null
      ],
      "/Users/MGCFI/projects/final_project/bucket_list_app_malachi/bucketlist_app/spec/views/comments/destroy.html.erb_spec.rb": [
        1,
        null,
        1,
        1,
        null
      ],
      "/Users/MGCFI/projects/final_project/bucket_list_app_malachi/bucketlist_app/spec/views/comments/edit.html.erb_spec.rb": [
        1,
        null,
        1,
        1,
        null
      ],
      "/Users/MGCFI/projects/final_project/bucket_list_app_malachi/bucketlist_app/spec/views/comments/index.html.erb_spec.rb": [
        1,
        null,
        1,
        1,
        null
      ],
      "/Users/MGCFI/projects/final_project/bucket_list_app_malachi/bucketlist_app/spec/views/comments/new.html.erb_spec.rb": [
        1,
        null,
        1,
        1,
        null
      ],
      "/Users/MGCFI/projects/final_project/bucket_list_app_malachi/bucketlist_app/spec/views/comments/show.html.erb_spec.rb": [
        1,
        null,
        1,
        1,
        null
      ],
      "/Users/MGCFI/projects/final_project/bucket_list_app_malachi/bucketlist_app/spec/views/comments/update.html.erb_spec.rb": [
        1,
        null,
        1,
        1,
        null
      ],
      "/Users/MGCFI/projects/final_project/bucket_list_app_malachi/bucketlist_app/spec/views/interests/create.html.erb_spec.rb": [
        1,
        null,
        1,
        1,
        null
      ],
      "/Users/MGCFI/projects/final_project/bucket_list_app_malachi/bucketlist_app/spec/views/interests/destroy.html.erb_spec.rb": [
        1,
        null,
        1,
        1,
        null
      ],
      "/Users/MGCFI/projects/final_project/bucket_list_app_malachi/bucketlist_app/spec/views/interests/edit.html.erb_spec.rb": [
        1,
        null,
        1,
        1,
        null
      ],
      "/Users/MGCFI/projects/final_project/bucket_list_app_malachi/bucketlist_app/spec/views/interests/index.html.erb_spec.rb": [
        1,
        null,
        1,
        1,
        null
      ],
      "/Users/MGCFI/projects/final_project/bucket_list_app_malachi/bucketlist_app/spec/views/interests/new.html.erb_spec.rb": [
        1,
        null,
        1,
        1,
        null
      ],
      "/Users/MGCFI/projects/final_project/bucket_list_app_malachi/bucketlist_app/spec/views/interests/show.html.erb_spec.rb": [
        1,
        null,
        1,
        1,
        null
      ],
      "/Users/MGCFI/projects/final_project/bucket_list_app_malachi/bucketlist_app/spec/views/interests/update.html.erb_spec.rb": [
        1,
        null,
        1,
        1,
        null
      ],
      "/Users/MGCFI/projects/final_project/bucket_list_app_malachi/bucketlist_app/spec/views/users/create.html.erb_spec.rb": [
        1,
        null,
        1,
        1,
        null
      ],
      "/Users/MGCFI/projects/final_project/bucket_list_app_malachi/bucketlist_app/spec/views/users/destroy.html.erb_spec.rb": [
        1,
        null,
        1,
        1,
        null
      ],
      "/Users/MGCFI/projects/final_project/bucket_list_app_malachi/bucketlist_app/spec/views/users/edit.html.erb_spec.rb": [
        1,
        null,
        1,
        1,
        null
      ],
      "/Users/MGCFI/projects/final_project/bucket_list_app_malachi/bucketlist_app/spec/views/users/index.html.erb_spec.rb": [
        1,
        null,
        1,
        1,
        null
      ],
      "/Users/MGCFI/projects/final_project/bucket_list_app_malachi/bucketlist_app/spec/views/users/new.html.erb_spec.rb": [
        1,
        null,
        1,
        1,
        null
      ],
      "/Users/MGCFI/projects/final_project/bucket_list_app_malachi/bucketlist_app/spec/views/users/show.html.erb_spec.rb": [
        1,
        null,
        1,
        1,
        null
      ],
      "/Users/MGCFI/projects/final_project/bucket_list_app_malachi/bucketlist_app/spec/views/users/update.html.erb_spec.rb": [
        1,
        null,
        1,
        1,
        null
      ]
    },
    "timestamp": 1426611775
  }
}
